app/build/outputs/logs/manifest-merger-debug-report.txt
-- Merging decision tree log ---
manifest
ADDED from src\main\AndroidManifest.xml:2:1-46:12
	xmlns:android
		ADDED from src\main\AndroidManifest.xml:2:11-69
	package
		ADDED from src\main\AndroidManifest.xml:3:5-41
		INJECTED from src\main\AndroidManifest.xml
		INJECTED from src\main\AndroidManifest.xml
	android:versionName
		INJECTED from src\main\AndroidManifest.xml
		INJECTED from src\main\AndroidManifest.xml
	android:versionCode
		INJECTED from src\main\AndroidManifest.xml
		INJECTED from src\main\AndroidManifest.xml
application
ADDED from src\main\AndroidManifest.xml:5:5-44:19
MERGED from [com.android.support:appcompat-v7:23.1.1] AndroidManifest.xml:22:5-20
MERGED from [com.android.support:support-v4:23.1.1] AndroidManifest.xml:22:5-20
	android:supportsRtl
		ADDED from src\main\AndroidManifest.xml:9:9-35
	android:label
		ADDED from src\main\AndroidManifest.xml:8:9-41
	android:allowBackup
		ADDED from src\main\AndroidManifest.xml:6:9-35
	android:icon
		ADDED from src\main\AndroidManifest.xml:7:9-43
	android:theme
		ADDED from src\main\AndroidManifest.xml:10:9-40
activity#com.example.riddick.sudoku.MainActivity
ADDED from src\main\AndroidManifest.xml:11:9-21:20
	android:screenOrientation
		ADDED from src\main\AndroidManifest.xml:14:13-49
	android:label
		ADDED from src\main\AndroidManifest.xml:13:13-35
	android:theme
		ADDED from src\main\AndroidManifest.xml:15:13-44
	android:name
		ADDED from src\main\AndroidManifest.xml:12:13-41
intent-filter#android.intent.action.MAIN+android.intent.category.LAUNCHER
ADDED from src\main\AndroidManifest.xml:16:13-20:29
action#android.intent.action.MAIN
ADDED from src\main\AndroidManifest.xml:17:17-69
	android:name
		ADDED from src\main\AndroidManifest.xml:17:25-66
category#android.intent.category.LAUNCHER
ADDED from src\main\AndroidManifest.xml:19:17-77
	android:name
		ADDED from src\main\AndroidManifest.xml:19:27-74
activity#com.example.riddick.sudoku.NewGame
ADDED from src\main\AndroidManifest.xml:23:9-27:15
	android:screenOrientation
		ADDED from src\main\AndroidManifest.xml:25:13-49
	android:parentActivityName
		ADDED from src\main\AndroidManifest.xml:26:17-59
	android:name
		ADDED from src\main\AndroidManifest.xml:24:13-36
activity#com.example.riddick.sudoku.Gameboard
ADDED from src\main\AndroidManifest.xml:28:9-32:15
	android:screenOrientation
		ADDED from src\main\AndroidManifest.xml:30:13-49
	android:parentActivityName
		ADDED from src\main\AndroidManifest.xml:31:13-50
	android:name
		ADDED from src\main\AndroidManifest.xml:29:13-38
activity#com.example.riddick.sudoku.Instructions
ADDED from src\main\AndroidManifest.xml:34:9-38:15
	android:screenOrientation
		ADDED from src\main\AndroidManifest.xml:36:13-49
	android:parentActivityName
		ADDED from src\main\AndroidManifest.xml:37:13-55
	android:name
		ADDED from src\main\AndroidManifest.xml:35:13-41
activity#com.example.riddick.sudoku.About
ADDED from src\main\AndroidManifest.xml:39:9-43:15
	android:screenOrientation
		ADDED from src\main\AndroidManifest.xml:41:13-49
	android:parentActivityName
		ADDED from src\main\AndroidManifest.xml:42:13-55
	android:name
		ADDED from src\main\AndroidManifest.xml:40:13-34
uses-sdk
INJECTED from src\main\AndroidManifest.xml reason: use-sdk injection requested
MERGED from [com.android.support:appcompat-v7:23.1.1] AndroidManifest.xml:20:5-43
MERGED from [com.android.support:support-v4:23.1.1] AndroidManifest.xml:20:5-43
	android:targetSdkVersion
		INJECTED from src\main\AndroidManifest.xml
		INJECTED from src\main\AndroidManifest.xml
	android:minSdkVersion
		INJECTED from src\main\AndroidManifest.xml
		INJECTED from src\main\AndroidManifest.xml